<?xml version="1.0" encoding="UTF-8"?>
<!-- Generated by org.testng.reporters.JUnitReportReporter -->
<testsuite hostname="Narens-MBP" name="com.MavenProject.OnlineShopping.OpenBowser" tests="3" failures="0" timestamp="3 May 2018 10:18:02 GMT" time="18.288" errors="0">
  <testcase name="closeBrowser" time="0.648" classname="com.MavenProject.OnlineShopping.OpenBowser"/>
  <testcase name="launchBrowser" time="3.274" classname="com.MavenProject.OnlineShopping.OpenBowser"/>
  <testcase name="launchApplication" time="14.366" classname="com.MavenProject.OnlineShopping.OpenBowser"/>
</testsuite> <!-- com.MavenProject.OnlineShopping.OpenBowser -->
